Using pre-set license
Built from '6000.0/staging' branch; Version is '6000.0.38f1 (82314a941f2d) revision 8532298'; Using compiler version '193933523'; Build Type 'Release'
OS: 'Windows 11  (10.0.26100) 64bit Professional' Language: 'es' Physical Memory: 16235 MB
BatchMode: 1, IsHumanControllingUs: 0, StartBugReporterOnCrash: 0, Is64bit: 1, IsPro: 1

COMMAND LINE ARGUMENTS:
C:\Program Files\Unity\Hub\Editor\6000.0.38f1\Editor\Unity.exe
-adb2
-batchMode
-noUpm
-name
AssetImportWorker10
-projectPath
C:/Project-PRJ-RB-/Project-RB
-logFile
Logs/AssetImportWorker10.log
-srvPort
60187
-job-worker-count
7
-background-job-worker-count
8
-gc-helper-count
1
Successfully changed project path to: C:/Project-PRJ-RB-/Project-RB
C:/Project-PRJ-RB-/Project-RB
[UnityMemory] Configuration Parameters - Can be set up in boot.config
    "memorysetup-bucket-allocator-granularity=16"
    "memorysetup-bucket-allocator-bucket-count=8"
    "memorysetup-bucket-allocator-block-size=33554432"
    "memorysetup-bucket-allocator-block-count=8"
    "memorysetup-main-allocator-block-size=16777216"
    "memorysetup-thread-allocator-block-size=16777216"
    "memorysetup-gfx-main-allocator-block-size=16777216"
    "memorysetup-gfx-thread-allocator-block-size=16777216"
    "memorysetup-cache-allocator-block-size=4194304"
    "memorysetup-typetree-allocator-block-size=2097152"
    "memorysetup-profiler-bucket-allocator-granularity=16"
    "memorysetup-profiler-bucket-allocator-bucket-count=8"
    "memorysetup-profiler-bucket-allocator-block-size=33554432"
    "memorysetup-profiler-bucket-allocator-block-count=8"
    "memorysetup-profiler-allocator-block-size=16777216"
    "memorysetup-profiler-editor-allocator-block-size=1048576"
    "memorysetup-temp-allocator-size-main=16777216"
    "memorysetup-job-temp-allocator-block-size=2097152"
    "memorysetup-job-temp-allocator-block-size-background=1048576"
    "memorysetup-job-temp-allocator-reduction-small-platforms=262144"
    "memorysetup-allocator-temp-initial-block-size-main=262144"
    "memorysetup-allocator-temp-initial-block-size-worker=262144"
    "memorysetup-temp-allocator-size-background-worker=32768"
    "memorysetup-temp-allocator-size-job-worker=262144"
    "memorysetup-temp-allocator-size-preload-manager=33554432"
    "memorysetup-temp-allocator-size-nav-mesh-worker=65536"
    "memorysetup-temp-allocator-size-audio-worker=65536"
    "memorysetup-temp-allocator-size-cloud-worker=32768"
    "memorysetup-temp-allocator-size-gi-baking-worker=262144"
    "memorysetup-temp-allocator-size-gi-baking-worker=262144"
    "memorysetup-temp-allocator-size-gi-baking-worker=262144"
    "memorysetup-temp-allocator-size-gi-baking-worker=262144"
    "memorysetup-temp-allocator-size-gi-baking-worker=262144"
    "memorysetup-temp-allocator-size-gfx=262144"
Player connection [14792]  Target information:

Player connection [14792]  * "[IP] 172.18.128.1 [Port] 0 [Flags] 2 [Guid] 1804287931 [EditorId] 1804287931 [Version] 1048832 [Id] WindowsEditor(7,DESKTOP-ESD2URR) [Debug] 1 [PackageName] WindowsEditor [ProjectName] Editor" 

Player connection [14792]  * "[IP] 192.168.202.1 [Port] 0 [Flags] 2 [Guid] 1804287931 [EditorId] 1804287931 [Version] 1048832 [Id] WindowsEditor(7,DESKTOP-ESD2URR) [Debug] 1 [PackageName] WindowsEditor [ProjectName] Editor" 

Player connection [14792]  * "[IP] 192.168.6.1 [Port] 0 [Flags] 2 [Guid] 1804287931 [EditorId] 1804287931 [Version] 1048832 [Id] WindowsEditor(7,DESKTOP-ESD2URR) [Debug] 1 [PackageName] WindowsEditor [ProjectName] Editor" 

Player connection [14792]  * "[IP] 192.168.1.9 [Port] 0 [Flags] 2 [Guid] 1804287931 [EditorId] 1804287931 [Version] 1048832 [Id] WindowsEditor(7,DESKTOP-ESD2URR) [Debug] 1 [PackageName] WindowsEditor [ProjectName] Editor" 

Player connection [14792] Host joined multi-casting on [225.0.0.222:54997]...
Player connection [14792] Host joined alternative multi-casting on [225.0.0.222:34997]...
JobSystem: Creating JobQueue using job-worker-count value 7
Input System module state changed to: Initialized.
[Physics::Module] Initialized fallback backend.
[Physics::Module] Id: 0xdecafbad
Library Redirect Path: Library/
[Physics::Module] Selected backend.
[Physics::Module] Name: PhysX
[Physics::Module] Id: 0xf2b8ea05
[Physics::Module] SDK Version: 4.1.2
[Physics::Module] Integration Version: 1.0.0
[Physics::Module] Threading Mode: Multi-Threaded
Refreshing native plugins compatible for Editor in 8.69 ms, found 4 plugins.
Preloading 0 native plugins for Editor in 0.00 ms.
Initialize engine version: 6000.0.38f1 (82314a941f2d)
[Subsystems] Discovering subsystems at path C:/Program Files/Unity/Hub/Editor/6000.0.38f1/Editor/Data/Resources/UnitySubsystems
[Subsystems] Discovering subsystems at path C:/Project-PRJ-RB-/Project-RB/Assets
GfxDevice: creating device client; kGfxThreadingModeNonThreaded
Direct3D:
    Version:  Direct3D 11.0 [level 11.1]
    Renderer: NVIDIA GeForce RTX 3050 Laptop GPU (ID=0x25e2)
    Vendor:   NVIDIA
    VRAM:     3977 MB
    Driver:   31.0.15.4630
Initialize mono
Mono path[0] = 'C:/Program Files/Unity/Hub/Editor/6000.0.38f1/Editor/Data/Managed'
Mono path[1] = 'C:/Program Files/Unity/Hub/Editor/6000.0.38f1/Editor/Data/MonoBleedingEdge/lib/mono/unityjit-win32'
Mono config path = 'C:/Program Files/Unity/Hub/Editor/6000.0.38f1/Editor/Data/MonoBleedingEdge/etc'
Using monoOptions --debugger-agent=transport=dt_socket,embedding=1,server=y,suspend=n,address=127.0.0.1:56432
Begin MonoManager ReloadAssembly
Registering precompiled unity dll's ...
Register platform support module: C:/Program Files/Unity/Hub/Editor/6000.0.38f1/Editor/Data/PlaybackEngines/WindowsStandaloneSupport/UnityEditor.WindowsStandalone.Extensions.dll
Registered in 0.003103 seconds.
- Loaded All Assemblies, in  0.565 seconds
Native extension for WindowsStandalone target not found
Mono: successfully reloaded assembly
- Finished resetting the current domain, in  0.340 seconds
Domain Reload Profiling: 902ms
	BeginReloadAssembly (196ms)
		ExecutionOrderSort (0ms)
		DisableScriptedObjects (0ms)
		BackupInstance (0ms)
		ReleaseScriptingObjects (0ms)
		CreateAndSetChildDomain (1ms)
	RebuildCommonClasses (73ms)
	RebuildNativeTypeToScriptingClass (21ms)
	initialDomainReloadingComplete (68ms)
	LoadAllAssembliesAndSetupDomain (204ms)
		LoadAssemblies (192ms)
		RebuildTransferFunctionScriptingTraits (0ms)
		AnalyzeDomain (200ms)
			TypeCache.Refresh (198ms)
				TypeCache.ScanAssembly (179ms)
			BuildScriptInfoCaches (0ms)
			ResolveRequiredComponents (1ms)
	FinalizeReload (340ms)
		ReleaseScriptCaches (0ms)
		RebuildScriptCaches (0ms)
		SetupLoadedEditorAssemblies (283ms)
			LogAssemblyErrors (0ms)
			InitializePlatformSupportModulesInManaged (30ms)
			SetLoadedEditorAssemblies (5ms)
			BeforeProcessingInitializeOnLoad (59ms)
			ProcessInitializeOnLoadAttributes (137ms)
			ProcessInitializeOnLoadMethodAttributes (52ms)
			AfterProcessingInitializeOnLoad (0ms)
			EditorAssembliesLoaded (0ms)
		ExecutionOrderSort2 (0ms)
		AwakeInstancesAfterBackupRestoration (0ms)
========================================================================
Worker process is ready to serve import requests
Import Worker Mode flag is 0x00
Begin MonoManager ReloadAssembly
Symbol file LoadedFromMemory is not a mono symbol file
- Loaded All Assemblies, in  0.889 seconds
Refreshing native plugins compatible for Editor in 4.48 ms, found 4 plugins.
Native extension for WindowsStandalone target not found
Refreshing native plugins compatible for Editor in 4.63 ms, found 4 plugins.
Mono: successfully reloaded assembly
- Finished resetting the current domain, in  1.089 seconds
Domain Reload Profiling: 1974ms
	BeginReloadAssembly (161ms)
		ExecutionOrderSort (0ms)
		DisableScriptedObjects (5ms)
		BackupInstance (0ms)
		ReleaseScriptingObjects (0ms)
		CreateAndSetChildDomain (32ms)
	RebuildCommonClasses (38ms)
	RebuildNativeTypeToScriptingClass (10ms)
	initialDomainReloadingComplete (36ms)
	LoadAllAssembliesAndSetupDomain (639ms)
		LoadAssemblies (406ms)
		RebuildTransferFunctionScriptingTraits (0ms)
		AnalyzeDomain (328ms)
			TypeCache.Refresh (227ms)
				TypeCache.ScanAssembly (202ms)
			BuildScriptInfoCaches (86ms)
			ResolveRequiredComponents (11ms)
	FinalizeReload (1090ms)
		ReleaseScriptCaches (0ms)
		RebuildScriptCaches (0ms)
		SetupLoadedEditorAssemblies (877ms)
			LogAssemblyErrors (0ms)
			InitializePlatformSupportModulesInManaged (2ms)
			SetLoadedEditorAssemblies (4ms)
			BeforeProcessingInitializeOnLoad (159ms)
			ProcessInitializeOnLoadAttributes (412ms)
			ProcessInitializeOnLoadMethodAttributes (290ms)
			AfterProcessingInitializeOnLoad (10ms)
			EditorAssembliesLoaded (0ms)
		ExecutionOrderSort2 (0ms)
		AwakeInstancesAfterBackupRestoration (7ms)
Launched and connected shader compiler UnityShaderCompiler.exe after 0.02 seconds
Refreshing native plugins compatible for Editor in 7.24 ms, found 4 plugins.
Preloading 0 native plugins for Editor in 0.00 ms.
Unloading 206 Unused Serialized files (Serialized files now loaded: 0)
Unloading 7698 unused Assets / (4.7 MB). Loaded Objects now: 8366.
Memory consumption went from 184.4 MB to 179.7 MB.
Total: 16.749000 ms (FindLiveObjects: 2.077900 ms CreateObjectMapping: 0.878600 ms MarkObjects: 10.272700 ms  DeleteObjects: 3.518800 ms)

========================================================================
Received Import Request.
  Time since last request: 254750.248476 seconds.
  path: Assets/FeonY/Animated Pixel-Art Backgrounds/Art/Animations/Pixel-Art Background 2/frame0002.png
  artifactKey: Guid(5c32019579463b4488ad59f3944a6c40) Importer(815301076,1909f56bfc062723c751e8b465ee728b)
Start importing Assets/FeonY/Animated Pixel-Art Backgrounds/Art/Animations/Pixel-Art Background 2/frame0002.png using Guid(5c32019579463b4488ad59f3944a6c40) Importer(815301076,1909f56bfc062723c751e8b465ee728b) (PreviewImporter) -> (artifact id: '9172b03fe935f98eda31a0c41ca18552') in 0.1488889 seconds
Number of updated asset objects reloaded before import = 0Number of asset objects unloaded after import = 3

========================================================================
Received Import Request.
  Time since last request: 0.000036 seconds.
  path: Assets/FeonY/Animated Pixel-Art Backgrounds/Art/Animations/Pixel-Art Background 2/frame0020.png
  artifactKey: Guid(79349a35724c0554db4f2085f5f94504) Importer(815301076,1909f56bfc062723c751e8b465ee728b)
Start importing Assets/FeonY/Animated Pixel-Art Backgrounds/Art/Animations/Pixel-Art Background 2/frame0020.png using Guid(79349a35724c0554db4f2085f5f94504) Importer(815301076,1909f56bfc062723c751e8b465ee728b) (PreviewImporter) -> (artifact id: 'bdd8e5258d03fbc910a8230294dc81ea') in 0.0259875 seconds
Number of updated asset objects reloaded before import = 0Number of asset objects unloaded after import = 3

========================================================================
Received Import Request.
  Time since last request: 0.000046 seconds.
  path: Assets/FeonY/Animated Pixel-Art Backgrounds/Art/Animations/Pixel-Art Background 2/frame0033.png
  artifactKey: Guid(942579afdc4802141be998b96529f802) Importer(815301076,1909f56bfc062723c751e8b465ee728b)
Start importing Assets/FeonY/Animated Pixel-Art Backgrounds/Art/Animations/Pixel-Art Background 2/frame0033.png using Guid(942579afdc4802141be998b96529f802) Importer(815301076,1909f56bfc062723c751e8b465ee728b) (PreviewImporter) -> (artifact id: '0564817dadee9c9ef9e52bf550df6396') in 0.0246421 seconds
Number of updated asset objects reloaded before import = 0Number of asset objects unloaded after import = 3

========================================================================
Received Import Request.
  Time since last request: 0.000017 seconds.
  path: Assets/FeonY/Animated Pixel-Art Backgrounds/Art/Animations/Pixel-Art Background 2/frame0012.png
  artifactKey: Guid(7602410e8e4571540868cc96bb5306af) Importer(815301076,1909f56bfc062723c751e8b465ee728b)
Start importing Assets/FeonY/Animated Pixel-Art Backgrounds/Art/Animations/Pixel-Art Background 2/frame0012.png using Guid(7602410e8e4571540868cc96bb5306af) Importer(815301076,1909f56bfc062723c751e8b465ee728b) (PreviewImporter) -> (artifact id: '8d8230de59fa83a538e63924465ba068') in 0.022039 seconds
Number of updated asset objects reloaded before import = 0Number of asset objects unloaded after import = 3

========================================================================
Received Import Request.
  Time since last request: 0.000022 seconds.
  path: Assets/FeonY/Animated Pixel-Art Backgrounds/Art/Animations/Pixel-Art Background 2/frame0005.png
  artifactKey: Guid(c262e62a071c79847b0dbd63577057bd) Importer(815301076,1909f56bfc062723c751e8b465ee728b)
Start importing Assets/FeonY/Animated Pixel-Art Backgrounds/Art/Animations/Pixel-Art Background 2/frame0005.png using Guid(c262e62a071c79847b0dbd63577057bd) Importer(815301076,1909f56bfc062723c751e8b465ee728b) (PreviewImporter) -> (artifact id: 'c617a85bc65187212d6a9922c2f98b7b') in 0.0206216 seconds
Number of updated asset objects reloaded before import = 0Number of asset objects unloaded after import = 3

========================================================================
Received Import Request.
  Time since last request: 0.000020 seconds.
  path: Assets/FeonY/Animated Pixel-Art Backgrounds/Art/Animations/Pixel-Art Background 2/frame0029.png
  artifactKey: Guid(2469062bb243428408da2ba82e9ea055) Importer(815301076,1909f56bfc062723c751e8b465ee728b)
Start importing Assets/FeonY/Animated Pixel-Art Backgrounds/Art/Animations/Pixel-Art Background 2/frame0029.png using Guid(2469062bb243428408da2ba82e9ea055) Importer(815301076,1909f56bfc062723c751e8b465ee728b) (PreviewImporter) -> (artifact id: '8a1583103571a134ad38165c800514c8') in 0.0190382 seconds
Number of updated asset objects reloaded before import = 0Number of asset objects unloaded after import = 3

========================================================================
Received Import Request.
  Time since last request: 0.000016 seconds.
  path: Assets/FeonY/Animated Pixel-Art Backgrounds/Art/Animations/Pixel-Art Background 2/frame0018.png
  artifactKey: Guid(3a1d23cbaf36fce4aac962a747753c61) Importer(815301076,1909f56bfc062723c751e8b465ee728b)
Start importing Assets/FeonY/Animated Pixel-Art Backgrounds/Art/Animations/Pixel-Art Background 2/frame0018.png using Guid(3a1d23cbaf36fce4aac962a747753c61) Importer(815301076,1909f56bfc062723c751e8b465ee728b) (PreviewImporter) -> (artifact id: '6d52ebf63eccc8a5f9557a650c69ec57') in 0.0198926 seconds
Number of updated asset objects reloaded before import = 0Number of asset objects unloaded after import = 3

========================================================================
Received Import Request.
  Time since last request: 0.000021 seconds.
  path: Assets/FeonY/Animated Pixel-Art Backgrounds/Art/Animations/Pixel-Art Background 2/frame0025.png
  artifactKey: Guid(af2279f29f69fb944b9301d677fdb686) Importer(815301076,1909f56bfc062723c751e8b465ee728b)
Start importing Assets/FeonY/Animated Pixel-Art Backgrounds/Art/Animations/Pixel-Art Background 2/frame0025.png using Guid(af2279f29f69fb944b9301d677fdb686) Importer(815301076,1909f56bfc062723c751e8b465ee728b) (PreviewImporter) -> (artifact id: '7c1b54bf00a62f1baf03d81ad7ff1fd8') in 0.0215117 seconds
Number of updated asset objects reloaded before import = 0Number of asset objects unloaded after import = 3

========================================================================
Received Import Request.
  Time since last request: 0.000027 seconds.
  path: Assets/FeonY/Animated Pixel-Art Backgrounds/Art/Animations/Pixel-Art Background 2/frame0016.png
  artifactKey: Guid(271da63767d027d43bb40f06265dd886) Importer(815301076,1909f56bfc062723c751e8b465ee728b)
Start importing Assets/FeonY/Animated Pixel-Art Backgrounds/Art/Animations/Pixel-Art Background 2/frame0016.png using Guid(271da63767d027d43bb40f06265dd886) Importer(815301076,1909f56bfc062723c751e8b465ee728b) (PreviewImporter) -> (artifact id: '7ee514b633222b1a06df8d050fefb64a') in 0.0216046 seconds
Number of updated asset objects reloaded before import = 0Number of asset objects unloaded after import = 3

========================================================================
Received Import Request.
  Time since last request: 0.000016 seconds.
  path: Assets/FeonY/Animated Pixel-Art Backgrounds/Art/Animations/Pixel-Art Background 2/frame0044.png
  artifactKey: Guid(546669b7d35c24f43a96409acc036856) Importer(815301076,1909f56bfc062723c751e8b465ee728b)
Start importing Assets/FeonY/Animated Pixel-Art Backgrounds/Art/Animations/Pixel-Art Background 2/frame0044.png using Guid(546669b7d35c24f43a96409acc036856) Importer(815301076,1909f56bfc062723c751e8b465ee728b) (PreviewImporter) -> (artifact id: 'e0b0097ce8cb4a8a706b2be66060edd0') in 0.0213566 seconds
Number of updated asset objects reloaded before import = 0Number of asset objects unloaded after import = 3

========================================================================
Received Import Request.
  Time since last request: 0.000018 seconds.
  path: Assets/FeonY/Animated Pixel-Art Backgrounds/Art/Animations/Pixel-Art Background 2/frame0047.png
  artifactKey: Guid(6cdf1f7afa56cc14096d148f496714be) Importer(815301076,1909f56bfc062723c751e8b465ee728b)
Start importing Assets/FeonY/Animated Pixel-Art Backgrounds/Art/Animations/Pixel-Art Background 2/frame0047.png using Guid(6cdf1f7afa56cc14096d148f496714be) Importer(815301076,1909f56bfc062723c751e8b465ee728b) (PreviewImporter) -> (artifact id: '06cf52def5e503c2b2bd154cd1a51d64') in 0.0187482 seconds
Number of updated asset objects reloaded before import = 0Number of asset objects unloaded after import = 3

========================================================================
Received Import Request.
  Time since last request: 0.000018 seconds.
  path: Assets/FeonY/Animated Pixel-Art Backgrounds/Art/Animations/Pixel-Art Background 2/frame0048.png
  artifactKey: Guid(09d0b0e80537ebf4295c5902b539a1b0) Importer(815301076,1909f56bfc062723c751e8b465ee728b)
Start importing Assets/FeonY/Animated Pixel-Art Backgrounds/Art/Animations/Pixel-Art Background 2/frame0048.png using Guid(09d0b0e80537ebf4295c5902b539a1b0) Importer(815301076,1909f56bfc062723c751e8b465ee728b) (PreviewImporter) -> (artifact id: '16e3a0c8e6c024661b1b0042b2eb9474') in 0.0179447 seconds
Number of updated asset objects reloaded before import = 0Number of asset objects unloaded after import = 3

========================================================================
Received Import Request.
  Time since last request: 0.566820 seconds.
  path: Assets/FeonY/Animated Pixel-Art Backgrounds/Art/Animations/Pixel-Art Background 3/frame0002.png
  artifactKey: Guid(c02027e10273f004eb20429c856a5f04) Importer(815301076,1909f56bfc062723c751e8b465ee728b)
Start importing Assets/FeonY/Animated Pixel-Art Backgrounds/Art/Animations/Pixel-Art Background 3/frame0002.png using Guid(c02027e10273f004eb20429c856a5f04) Importer(815301076,1909f56bfc062723c751e8b465ee728b) (PreviewImporter) -> (artifact id: '0273b32f6f0446212d6cd37cd3b8db51') in 0.0228539 seconds
Number of updated asset objects reloaded before import = 0Number of asset objects unloaded after import = 3

========================================================================
Received Import Request.
  Time since last request: 0.000023 seconds.
  path: Assets/FeonY/Animated Pixel-Art Backgrounds/Art/Animations/Pixel-Art Background 3/frame0024.png
  artifactKey: Guid(5f43d237e341b4049a99ad7a876e51e4) Importer(815301076,1909f56bfc062723c751e8b465ee728b)
Start importing Assets/FeonY/Animated Pixel-Art Backgrounds/Art/Animations/Pixel-Art Background 3/frame0024.png using Guid(5f43d237e341b4049a99ad7a876e51e4) Importer(815301076,1909f56bfc062723c751e8b465ee728b) (PreviewImporter) -> (artifact id: '40eaf7907381a26652b13d714f2b4100') in 0.0236494 seconds
Number of updated asset objects reloaded before import = 0Number of asset objects unloaded after import = 3

========================================================================
Received Import Request.
  Time since last request: 0.000023 seconds.
  path: Assets/FeonY/Animated Pixel-Art Backgrounds/Art/Animations/Pixel-Art Background 3/frame0017.png
  artifactKey: Guid(3daa5ad89a0b5e54d85d2e131a0ccb68) Importer(815301076,1909f56bfc062723c751e8b465ee728b)
Start importing Assets/FeonY/Animated Pixel-Art Backgrounds/Art/Animations/Pixel-Art Background 3/frame0017.png using Guid(3daa5ad89a0b5e54d85d2e131a0ccb68) Importer(815301076,1909f56bfc062723c751e8b465ee728b) (PreviewImporter) -> (artifact id: '709bf0cd19121c33197a3f40acb46d23') in 0.0207597 seconds
Number of updated asset objects reloaded before import = 0Number of asset objects unloaded after import = 3

========================================================================
Received Import Request.
  Time since last request: 0.000028 seconds.
  path: Assets/FeonY/Animated Pixel-Art Backgrounds/Art/Animations/Pixel-Art Background 3/frame0042.png
  artifactKey: Guid(0e974c0dfa5a63a4ab6f7ef3d75f2eb6) Importer(815301076,1909f56bfc062723c751e8b465ee728b)
Start importing Assets/FeonY/Animated Pixel-Art Backgrounds/Art/Animations/Pixel-Art Background 3/frame0042.png using Guid(0e974c0dfa5a63a4ab6f7ef3d75f2eb6) Importer(815301076,1909f56bfc062723c751e8b465ee728b) (PreviewImporter) -> (artifact id: '4904b6e4f8a47c436573b7132deffbf9') in 0.0193654 seconds
Number of updated asset objects reloaded before import = 0Number of asset objects unloaded after import = 3

========================================================================
Received Import Request.
  Time since last request: 0.000019 seconds.
  path: Assets/FeonY/Animated Pixel-Art Backgrounds/Art/Animations/Pixel-Art Background 3/frame0028.png
  artifactKey: Guid(73bcd2e6ed54e9541906022e25645628) Importer(815301076,1909f56bfc062723c751e8b465ee728b)
Start importing Assets/FeonY/Animated Pixel-Art Backgrounds/Art/Animations/Pixel-Art Background 3/frame0028.png using Guid(73bcd2e6ed54e9541906022e25645628) Importer(815301076,1909f56bfc062723c751e8b465ee728b) (PreviewImporter) -> (artifact id: 'e3fbfb2d7fec1a4144098f85ca479214') in 0.021293 seconds
Number of updated asset objects reloaded before import = 0Number of asset objects unloaded after import = 3

========================================================================
Received Import Request.
  Time since last request: 0.000018 seconds.
  path: Assets/FeonY/Animated Pixel-Art Backgrounds/Art/Animations/Pixel-Art Background 3/frame0022.png
  artifactKey: Guid(390409f6035858e4194f075fdf62f51e) Importer(815301076,1909f56bfc062723c751e8b465ee728b)
Start importing Assets/FeonY/Animated Pixel-Art Backgrounds/Art/Animations/Pixel-Art Background 3/frame0022.png using Guid(390409f6035858e4194f075fdf62f51e) Importer(815301076,1909f56bfc062723c751e8b465ee728b) (PreviewImporter) -> (artifact id: '3169b0bc969635d6ca27977b05031aa0') in 0.0189158 seconds
Number of updated asset objects reloaded before import = 0Number of asset objects unloaded after import = 3

========================================================================
Received Import Request.
  Time since last request: 0.000017 seconds.
  path: Assets/FeonY/Animated Pixel-Art Backgrounds/Art/Animations/Pixel-Art Background 3/frame0011.png
  artifactKey: Guid(01f0f5ed47f31374c994cf0bb0e97889) Importer(815301076,1909f56bfc062723c751e8b465ee728b)
Start importing Assets/FeonY/Animated Pixel-Art Backgrounds/Art/Animations/Pixel-Art Background 3/frame0011.png using Guid(01f0f5ed47f31374c994cf0bb0e97889) Importer(815301076,1909f56bfc062723c751e8b465ee728b) (PreviewImporter) -> (artifact id: '7a9c5b2236e9df5ca1398f90fe03bbe0') in 0.020579 seconds
Number of updated asset objects reloaded before import = 0Number of asset objects unloaded after import = 3

========================================================================
Received Import Request.
  Time since last request: 0.000015 seconds.
  path: Assets/FeonY/Animated Pixel-Art Backgrounds/Art/Animations/Pixel-Art Background 3/frame0014.png
  artifactKey: Guid(c69610d807d8a644abac349e1b14c6e0) Importer(815301076,1909f56bfc062723c751e8b465ee728b)
Start importing Assets/FeonY/Animated Pixel-Art Backgrounds/Art/Animations/Pixel-Art Background 3/frame0014.png using Guid(c69610d807d8a644abac349e1b14c6e0) Importer(815301076,1909f56bfc062723c751e8b465ee728b) (PreviewImporter) -> (artifact id: '06ba5cd481a896d8817fbaeadacde7f1') in 0.0206707 seconds
Number of updated asset objects reloaded before import = 0Number of asset objects unloaded after import = 3

========================================================================
Received Import Request.
  Time since last request: 0.000019 seconds.
  path: Assets/FeonY/Animated Pixel-Art Backgrounds/Art/Animations/Pixel-Art Background 3/frame0016.png
  artifactKey: Guid(ce2d7ab24eaea3046b1963dc4ae15b99) Importer(815301076,1909f56bfc062723c751e8b465ee728b)
Start importing Assets/FeonY/Animated Pixel-Art Backgrounds/Art/Animations/Pixel-Art Background 3/frame0016.png using Guid(ce2d7ab24eaea3046b1963dc4ae15b99) Importer(815301076,1909f56bfc062723c751e8b465ee728b) (PreviewImporter) -> (artifact id: '9a8bfafcb041cd7bb33afff577a374d8') in 0.0212287 seconds
Number of updated asset objects reloaded before import = 0Number of asset objects unloaded after import = 3

========================================================================
Received Import Request.
  Time since last request: 0.000034 seconds.
  path: Assets/FeonY/Animated Pixel-Art Backgrounds/Art/Animations/Pixel-Art Background 3/frame0037.png
  artifactKey: Guid(08a24e69266b7bd4c88bac8947884f69) Importer(815301076,1909f56bfc062723c751e8b465ee728b)
Start importing Assets/FeonY/Animated Pixel-Art Backgrounds/Art/Animations/Pixel-Art Background 3/frame0037.png using Guid(08a24e69266b7bd4c88bac8947884f69) Importer(815301076,1909f56bfc062723c751e8b465ee728b) (PreviewImporter) -> (artifact id: '9c6a4a02d494f32483866810c6f3e281') in 0.0218985 seconds
Number of updated asset objects reloaded before import = 0Number of asset objects unloaded after import = 3

========================================================================
Received Import Request.
  Time since last request: 0.000020 seconds.
  path: Assets/FeonY/Animated Pixel-Art Backgrounds/Art/Animations/Pixel-Art Background 3/frame0015.png
  artifactKey: Guid(6f55db9e6cc35f74c9416c0920cf1c24) Importer(815301076,1909f56bfc062723c751e8b465ee728b)
Start importing Assets/FeonY/Animated Pixel-Art Backgrounds/Art/Animations/Pixel-Art Background 3/frame0015.png using Guid(6f55db9e6cc35f74c9416c0920cf1c24) Importer(815301076,1909f56bfc062723c751e8b465ee728b) (PreviewImporter) -> (artifact id: '1b9656f353f7c25d8d3be86d9fd1c47b') in 0.0229177 seconds
Number of updated asset objects reloaded before import = 0Number of asset objects unloaded after import = 3

========================================================================
Received Import Request.
  Time since last request: 0.000016 seconds.
  path: Assets/FeonY/Animated Pixel-Art Backgrounds/Art/Animations/Pixel-Art Background 3/frame0013.png
  artifactKey: Guid(c0c2f79c75c2bd8438bff2c0cb286ad3) Importer(815301076,1909f56bfc062723c751e8b465ee728b)
Start importing Assets/FeonY/Animated Pixel-Art Backgrounds/Art/Animations/Pixel-Art Background 3/frame0013.png using Guid(c0c2f79c75c2bd8438bff2c0cb286ad3) Importer(815301076,1909f56bfc062723c751e8b465ee728b) (PreviewImporter) -> (artifact id: '9245ee159f8c2b6e39542b659d313638') in 0.0230068 seconds
Number of updated asset objects reloaded before import = 0Number of asset objects unloaded after import = 3

========================================================================
Received Import Request.
  Time since last request: 0.000017 seconds.
  path: Assets/FeonY/Animated Pixel-Art Backgrounds/Art/Animations/Pixel-Art Background 3/frame0045.png
  artifactKey: Guid(3e647bd33e742fa44b3014394d160c37) Importer(815301076,1909f56bfc062723c751e8b465ee728b)
Start importing Assets/FeonY/Animated Pixel-Art Backgrounds/Art/Animations/Pixel-Art Background 3/frame0045.png using Guid(3e647bd33e742fa44b3014394d160c37) Importer(815301076,1909f56bfc062723c751e8b465ee728b) (PreviewImporter) -> (artifact id: '4f526aa720aa45c8d4a18038d21d0b99') in 0.0191778 seconds
Number of updated asset objects reloaded before import = 0Number of asset objects unloaded after import = 3

========================================================================
Received Import Request.
  Time since last request: 0.430569 seconds.
  path: Assets/FeonY/Animated Pixel-Art Backgrounds/Art/Animations/Pixel-Art Background 4/frame0002.png
  artifactKey: Guid(d6f922f60e5989d4281313a8c70b9089) Importer(815301076,1909f56bfc062723c751e8b465ee728b)
Start importing Assets/FeonY/Animated Pixel-Art Backgrounds/Art/Animations/Pixel-Art Background 4/frame0002.png using Guid(d6f922f60e5989d4281313a8c70b9089) Importer(815301076,1909f56bfc062723c751e8b465ee728b) (PreviewImporter) -> (artifact id: 'e5d46e4558e7ac1f261e132c2c07aba3') in 0.0236245 seconds
Number of updated asset objects reloaded before import = 0Number of asset objects unloaded after import = 3

========================================================================
Received Import Request.
  Time since last request: 0.000018 seconds.
  path: Assets/FeonY/Animated Pixel-Art Backgrounds/Art/Animations/Pixel-Art Background 4/frame0031.png
  artifactKey: Guid(bbf656541ccaf204ca9a78a65430f1ff) Importer(815301076,1909f56bfc062723c751e8b465ee728b)
Start importing Assets/FeonY/Animated Pixel-Art Backgrounds/Art/Animations/Pixel-Art Background 4/frame0031.png using Guid(bbf656541ccaf204ca9a78a65430f1ff) Importer(815301076,1909f56bfc062723c751e8b465ee728b) (PreviewImporter) -> (artifact id: '0b7483aeab947fd7cfadb674f3f70e35') in 0.0251745 seconds
Number of updated asset objects reloaded before import = 0Number of asset objects unloaded after import = 3

========================================================================
Received Import Request.
  Time since last request: 0.000021 seconds.
  path: Assets/FeonY/Animated Pixel-Art Backgrounds/Art/Animations/Pixel-Art Background 4/frame0018.png
  artifactKey: Guid(989a1fcda9871ac4db2c99cf36c85458) Importer(815301076,1909f56bfc062723c751e8b465ee728b)
Start importing Assets/FeonY/Animated Pixel-Art Backgrounds/Art/Animations/Pixel-Art Background 4/frame0018.png using Guid(989a1fcda9871ac4db2c99cf36c85458) Importer(815301076,1909f56bfc062723c751e8b465ee728b) (PreviewImporter) -> (artifact id: '63c25efa2e8381e9c14b3ffbf56683de') in 0.0251385 seconds
Number of updated asset objects reloaded before import = 0Number of asset objects unloaded after import = 3

========================================================================
Received Import Request.
  Time since last request: 0.000024 seconds.
  path: Assets/FeonY/Animated Pixel-Art Backgrounds/Art/Animations/Pixel-Art Background 4/frame0035.png
  artifactKey: Guid(7513c777507075341a21f7a55d964057) Importer(815301076,1909f56bfc062723c751e8b465ee728b)
Start importing Assets/FeonY/Animated Pixel-Art Backgrounds/Art/Animations/Pixel-Art Background 4/frame0035.png using Guid(7513c777507075341a21f7a55d964057) Importer(815301076,1909f56bfc062723c751e8b465ee728b) (PreviewImporter) -> (artifact id: '40ab38a33340df8890ddfff4231436ef') in 0.026883 seconds
Number of updated asset objects reloaded before import = 0Number of asset objects unloaded after import = 3

========================================================================
Received Import Request.
  Time since last request: 0.000029 seconds.
  path: Assets/FeonY/Animated Pixel-Art Backgrounds/Art/Animations/Pixel-Art Background 4/frame0005.png
  artifactKey: Guid(1baf104ad87bdbd49b2a8770fc1e1b52) Importer(815301076,1909f56bfc062723c751e8b465ee728b)
Start importing Assets/FeonY/Animated Pixel-Art Backgrounds/Art/Animations/Pixel-Art Background 4/frame0005.png using Guid(1baf104ad87bdbd49b2a8770fc1e1b52) Importer(815301076,1909f56bfc062723c751e8b465ee728b) (PreviewImporter) -> (artifact id: '5c1baad8e23fe4b860ccd757cf3a9c54') in 0.0256451 seconds
Number of updated asset objects reloaded before import = 0Number of asset objects unloaded after import = 3

========================================================================
Received Import Request.
  Time since last request: 0.000036 seconds.
  path: Assets/FeonY/Animated Pixel-Art Backgrounds/Art/Animations/Pixel-Art Background 4/frame0033.png
  artifactKey: Guid(9b419afc5a4a7bd43bb32e61bb9c3c52) Importer(815301076,1909f56bfc062723c751e8b465ee728b)
Start importing Assets/FeonY/Animated Pixel-Art Backgrounds/Art/Animations/Pixel-Art Background 4/frame0033.png using Guid(9b419afc5a4a7bd43bb32e61bb9c3c52) Importer(815301076,1909f56bfc062723c751e8b465ee728b) (PreviewImporter) -> (artifact id: '9b95e24a451460a8145e940dbbf64719') in 0.0205142 seconds
Number of updated asset objects reloaded before import = 0Number of asset objects unloaded after import = 3

========================================================================
Received Import Request.
  Time since last request: 0.000015 seconds.
  path: Assets/FeonY/Animated Pixel-Art Backgrounds/Art/Animations/Pixel-Art Background 4/frame0008.png
  artifactKey: Guid(3d12be4492dfe33408e58690405acec4) Importer(815301076,1909f56bfc062723c751e8b465ee728b)
Start importing Assets/FeonY/Animated Pixel-Art Backgrounds/Art/Animations/Pixel-Art Background 4/frame0008.png using Guid(3d12be4492dfe33408e58690405acec4) Importer(815301076,1909f56bfc062723c751e8b465ee728b) (PreviewImporter) -> (artifact id: '2ce9cb5ed7bfc0eb9b4043f67372eff9') in 0.0202561 seconds
Number of updated asset objects reloaded before import = 0Number of asset objects unloaded after import = 3

========================================================================
Received Import Request.
  Time since last request: 0.000015 seconds.
  path: Assets/FeonY/Animated Pixel-Art Backgrounds/Art/Animations/Pixel-Art Background 4/frame0045.png
  artifactKey: Guid(740af21a433971b4f8d7c44af9fa1eda) Importer(815301076,1909f56bfc062723c751e8b465ee728b)
Start importing Assets/FeonY/Animated Pixel-Art Backgrounds/Art/Animations/Pixel-Art Background 4/frame0045.png using Guid(740af21a433971b4f8d7c44af9fa1eda) Importer(815301076,1909f56bfc062723c751e8b465ee728b) (PreviewImporter) -> (artifact id: '07c817edf561da78e743399356fe4e2d') in 0.0218746 seconds
Number of updated asset objects reloaded before import = 0Number of asset objects unloaded after import = 3

========================================================================
Received Import Request.
  Time since last request: 0.000016 seconds.
  path: Assets/FeonY/Animated Pixel-Art Backgrounds/Art/Animations/Pixel-Art Background 4/frame0025.png
  artifactKey: Guid(9637043bb33215d4eba80a382f822c4d) Importer(815301076,1909f56bfc062723c751e8b465ee728b)
Start importing Assets/FeonY/Animated Pixel-Art Backgrounds/Art/Animations/Pixel-Art Background 4/frame0025.png using Guid(9637043bb33215d4eba80a382f822c4d) Importer(815301076,1909f56bfc062723c751e8b465ee728b) (PreviewImporter) -> (artifact id: '0e3af40dd34a3114fc903d5e0397c402') in 0.0263731 seconds
Number of updated asset objects reloaded before import = 0Number of asset objects unloaded after import = 3

========================================================================
Received Import Request.
  Time since last request: 0.000016 seconds.
  path: Assets/FeonY/Animated Pixel-Art Backgrounds/Art/Animations/Pixel-Art Background 4/frame0034.png
  artifactKey: Guid(a98ddf01c7ef9b94f9e4681ce6ff5f89) Importer(815301076,1909f56bfc062723c751e8b465ee728b)
Start importing Assets/FeonY/Animated Pixel-Art Backgrounds/Art/Animations/Pixel-Art Background 4/frame0034.png using Guid(a98ddf01c7ef9b94f9e4681ce6ff5f89) Importer(815301076,1909f56bfc062723c751e8b465ee728b) (PreviewImporter) -> (artifact id: '4c0f7bbcdff28fc3e1e6e2cea38810ee') in 0.0226087 seconds
Number of updated asset objects reloaded before import = 0Number of asset objects unloaded after import = 3

========================================================================
Received Import Request.
  Time since last request: 0.000021 seconds.
  path: Assets/FeonY/Animated Pixel-Art Backgrounds/Art/Animations/Pixel-Art Background 4/frame0044.png
  artifactKey: Guid(6dcc96c35f5c5c1478b797bf74f51c0f) Importer(815301076,1909f56bfc062723c751e8b465ee728b)
Start importing Assets/FeonY/Animated Pixel-Art Backgrounds/Art/Animations/Pixel-Art Background 4/frame0044.png using Guid(6dcc96c35f5c5c1478b797bf74f51c0f) Importer(815301076,1909f56bfc062723c751e8b465ee728b) (PreviewImporter) -> (artifact id: 'fb066ad38877af4bbc2c0824d0ad0e81') in 0.0249587 seconds
Number of updated asset objects reloaded before import = 0Number of asset objects unloaded after import = 3

========================================================================
Received Import Request.
  Time since last request: 0.000024 seconds.
  path: Assets/FeonY/Animated Pixel-Art Backgrounds/Art/Animations/Pixel-Art Background 4/frame0021.png
  artifactKey: Guid(9cdd0883d6815e64fa12e9d59ac35e9d) Importer(815301076,1909f56bfc062723c751e8b465ee728b)
Start importing Assets/FeonY/Animated Pixel-Art Backgrounds/Art/Animations/Pixel-Art Background 4/frame0021.png using Guid(9cdd0883d6815e64fa12e9d59ac35e9d) Importer(815301076,1909f56bfc062723c751e8b465ee728b) (PreviewImporter) -> (artifact id: '1233261621e3533a713b304e6f2bbc3b') in 0.0198912 seconds
Number of updated asset objects reloaded before import = 0Number of asset objects unloaded after import = 3

========================================================================
Received Prepare
Begin MonoManager ReloadAssembly
Symbol file LoadedFromMemory is not a mono symbol file
- Loaded All Assemblies, in  0.944 seconds
Refreshing native plugins compatible for Editor in 4.81 ms, found 4 plugins.
Native extension for WindowsStandalone target not found
Mono: successfully reloaded assembly
- Finished resetting the current domain, in  1.277 seconds
Domain Reload Profiling: 2219ms
	BeginReloadAssembly (245ms)
		ExecutionOrderSort (0ms)
		DisableScriptedObjects (13ms)
		BackupInstance (0ms)
		ReleaseScriptingObjects (0ms)
		CreateAndSetChildDomain (73ms)
	RebuildCommonClasses (45ms)
	RebuildNativeTypeToScriptingClass (13ms)
	initialDomainReloadingComplete (29ms)
	LoadAllAssembliesAndSetupDomain (609ms)
		LoadAssemblies (453ms)
		RebuildTransferFunctionScriptingTraits (0ms)
		AnalyzeDomain (263ms)
			TypeCache.Refresh (10ms)
				TypeCache.ScanAssembly (0ms)
			BuildScriptInfoCaches (236ms)
			ResolveRequiredComponents (12ms)
	FinalizeReload (1277ms)
		ReleaseScriptCaches (0ms)
		RebuildScriptCaches (0ms)
		SetupLoadedEditorAssemblies (1023ms)
			LogAssemblyErrors (0ms)
			InitializePlatformSupportModulesInManaged (3ms)
			SetLoadedEditorAssemblies (6ms)
			BeforeProcessingInitializeOnLoad (162ms)
			ProcessInitializeOnLoadAttributes (520ms)
			ProcessInitializeOnLoadMethodAttributes (323ms)
			AfterProcessingInitializeOnLoad (9ms)
			EditorAssembliesLoaded (1ms)
		ExecutionOrderSort2 (0ms)
		AwakeInstancesAfterBackupRestoration (19ms)
Refreshing native plugins compatible for Editor in 8.36 ms, found 4 plugins.
Preloading 0 native plugins for Editor in 0.00 ms.
Unloading 13 Unused Serialized files (Serialized files now loaded: 0)
Unloading 7696 unused Assets / (4.6 MB). Loaded Objects now: 8379.
Memory consumption went from 159.5 MB to 154.9 MB.
Total: 24.121900 ms (FindLiveObjects: 1.591800 ms CreateObjectMapping: 2.491800 ms MarkObjects: 15.351900 ms  DeleteObjects: 4.684500 ms)

Prepare: number of updated asset objects reloaded= 0
Editor requested this worker to shutdown with reason: Scaling down because of idle timeout
AssetImportWorker is now disconnected from the server
Process exiting
Exiting without the bug reporter. Application will terminate with return code 0