Using pre-set license
Built from '6000.0/staging' branch; Version is '6000.0.38f1 (82314a941f2d) revision 8532298'; Using compiler version '193933523'; Build Type 'Release'
OS: 'Windows 11  (10.0.26100) 64bit Professional' Language: 'es' Physical Memory: 16165 MB
BatchMode: 1, IsHumanControllingUs: 0, StartBugReporterOnCrash: 0, Is64bit: 1, IsPro: 1

COMMAND LINE ARGUMENTS:
F:\6000.0.38f1\Editor\Unity.exe
-adb2
-batchMode
-noUpm
-name
AssetImportWorker0
-projectPath
F:/Project-PRJ-RB-/Project-RB
-logFile
Logs/AssetImportWorker0.log
-srvPort
13702
-job-worker-count
7
-background-job-worker-count
8
-gc-helper-count
1
Successfully changed project path to: F:/Project-PRJ-RB-/Project-RB
F:/Project-PRJ-RB-/Project-RB
[UnityMemory] Configuration Parameters - Can be set up in boot.config
    "memorysetup-bucket-allocator-granularity=16"
    "memorysetup-bucket-allocator-bucket-count=8"
    "memorysetup-bucket-allocator-block-size=33554432"
    "memorysetup-bucket-allocator-block-count=8"
    "memorysetup-main-allocator-block-size=16777216"
    "memorysetup-thread-allocator-block-size=16777216"
    "memorysetup-gfx-main-allocator-block-size=16777216"
    "memorysetup-gfx-thread-allocator-block-size=16777216"
    "memorysetup-cache-allocator-block-size=4194304"
    "memorysetup-typetree-allocator-block-size=2097152"
    "memorysetup-profiler-bucket-allocator-granularity=16"
    "memorysetup-profiler-bucket-allocator-bucket-count=8"
    "memorysetup-profiler-bucket-allocator-block-size=33554432"
    "memorysetup-profiler-bucket-allocator-block-count=8"
    "memorysetup-profiler-allocator-block-size=16777216"
    "memorysetup-profiler-editor-allocator-block-size=1048576"
    "memorysetup-temp-allocator-size-main=16777216"
    "memorysetup-job-temp-allocator-block-size=2097152"
    "memorysetup-job-temp-allocator-block-size-background=1048576"
    "memorysetup-job-temp-allocator-reduction-small-platforms=262144"
    "memorysetup-allocator-temp-initial-block-size-main=262144"
    "memorysetup-allocator-temp-initial-block-size-worker=262144"
    "memorysetup-temp-allocator-size-background-worker=32768"
    "memorysetup-temp-allocator-size-job-worker=262144"
    "memorysetup-temp-allocator-size-preload-manager=33554432"
    "memorysetup-temp-allocator-size-nav-mesh-worker=65536"
    "memorysetup-temp-allocator-size-audio-worker=65536"
    "memorysetup-temp-allocator-size-cloud-worker=32768"
    "memorysetup-temp-allocator-size-gi-baking-worker=262144"
    "memorysetup-temp-allocator-size-gi-baking-worker=262144"
    "memorysetup-temp-allocator-size-gi-baking-worker=262144"
    "memorysetup-temp-allocator-size-gi-baking-worker=262144"
    "memorysetup-temp-allocator-size-gi-baking-worker=262144"
    "memorysetup-temp-allocator-size-gfx=262144"
Player connection [21992]  Target information:

Player connection [21992]  * "[IP] 192.168.55.20 [Port] 0 [Flags] 2 [Guid] 1651555488 [EditorId] 1651555488 [Version] 1048832 [Id] WindowsEditor(7,PC-QUEZADA) [Debug] 1 [PackageName] WindowsEditor [ProjectName] Editor" 

Player connection [21992]  * "[IP] 192.168.10.36 [Port] 0 [Flags] 2 [Guid] 1651555488 [EditorId] 1651555488 [Version] 1048832 [Id] WindowsEditor(7,PC-QUEZADA) [Debug] 1 [PackageName] WindowsEditor [ProjectName] Editor" 

Player connection [21992]  * "[IP] 192.168.116.1 [Port] 0 [Flags] 2 [Guid] 1651555488 [EditorId] 1651555488 [Version] 1048832 [Id] WindowsEditor(7,PC-QUEZADA) [Debug] 1 [PackageName] WindowsEditor [ProjectName] Editor" 

Player connection [21992]  * "[IP] 192.168.58.1 [Port] 0 [Flags] 2 [Guid] 1651555488 [EditorId] 1651555488 [Version] 1048832 [Id] WindowsEditor(7,PC-QUEZADA) [Debug] 1 [PackageName] WindowsEditor [ProjectName] Editor" 

Player connection [21992] Host joined multi-casting on [225.0.0.222:54997]...
Player connection [21992] Host joined alternative multi-casting on [225.0.0.222:34997]...
JobSystem: Creating JobQueue using job-worker-count value 7
Input System module state changed to: Initialized.
[Physics::Module] Initialized fallback backend.
[Physics::Module] Id: 0xdecafbad
Library Redirect Path: Library/
[Physics::Module] Selected backend.
[Physics::Module] Name: PhysX
[Physics::Module] Id: 0xf2b8ea05
[Physics::Module] SDK Version: 4.1.2
[Physics::Module] Integration Version: 1.0.0
[Physics::Module] Threading Mode: Multi-Threaded
Refreshing native plugins compatible for Editor in 1.36 ms, found 4 plugins.
Preloading 0 native plugins for Editor in 0.00 ms.
Initialize engine version: 6000.0.38f1 (82314a941f2d)
[Subsystems] Discovering subsystems at path F:/6000.0.38f1/Editor/Data/Resources/UnitySubsystems
[Subsystems] Discovering subsystems at path F:/Project-PRJ-RB-/Project-RB/Assets
GfxDevice: creating device client; kGfxThreadingModeNonThreaded
Direct3D:
    Version:  Direct3D 11.0 [level 11.1]
    Renderer: NVIDIA GeForce GTX 1650 (ID=0x2188)
    Vendor:   NVIDIA
    VRAM:     3937 MB
    Driver:   32.0.15.6094
Initialize mono
Mono path[0] = 'F:/6000.0.38f1/Editor/Data/Managed'
Mono path[1] = 'F:/6000.0.38f1/Editor/Data/MonoBleedingEdge/lib/mono/unityjit-win32'
Mono config path = 'F:/6000.0.38f1/Editor/Data/MonoBleedingEdge/etc'
Using monoOptions --debugger-agent=transport=dt_socket,embedding=1,server=y,suspend=n,address=127.0.0.1:56384
Begin MonoManager ReloadAssembly
Registering precompiled unity dll's ...
Register platform support module: F:/6000.0.38f1/Editor/Data/PlaybackEngines/WindowsStandaloneSupport/UnityEditor.WindowsStandalone.Extensions.dll
Registered in 0.001269 seconds.
- Loaded All Assemblies, in  0.343 seconds
Native extension for WindowsStandalone target not found
Mono: successfully reloaded assembly
- Finished resetting the current domain, in  0.318 seconds
Domain Reload Profiling: 661ms
	BeginReloadAssembly (120ms)
		ExecutionOrderSort (0ms)
		DisableScriptedObjects (0ms)
		BackupInstance (0ms)
		ReleaseScriptingObjects (0ms)
		CreateAndSetChildDomain (1ms)
	RebuildCommonClasses (31ms)
	RebuildNativeTypeToScriptingClass (10ms)
	initialDomainReloadingComplete (43ms)
	LoadAllAssembliesAndSetupDomain (138ms)
		LoadAssemblies (120ms)
		RebuildTransferFunctionScriptingTraits (0ms)
		AnalyzeDomain (135ms)
			TypeCache.Refresh (133ms)
				TypeCache.ScanAssembly (121ms)
			BuildScriptInfoCaches (0ms)
			ResolveRequiredComponents (0ms)
	FinalizeReload (319ms)
		ReleaseScriptCaches (0ms)
		RebuildScriptCaches (0ms)
		SetupLoadedEditorAssemblies (286ms)
			LogAssemblyErrors (0ms)
			InitializePlatformSupportModulesInManaged (25ms)
			SetLoadedEditorAssemblies (4ms)
			BeforeProcessingInitializeOnLoad (55ms)
			ProcessInitializeOnLoadAttributes (158ms)
			ProcessInitializeOnLoadMethodAttributes (45ms)
			AfterProcessingInitializeOnLoad (0ms)
			EditorAssembliesLoaded (0ms)
		ExecutionOrderSort2 (0ms)
		AwakeInstancesAfterBackupRestoration (0ms)
========================================================================
Worker process is ready to serve import requests
Import Worker Mode flag is 0x00
Begin MonoManager ReloadAssembly
- Loaded All Assemblies, in  0.676 seconds
Refreshing native plugins compatible for Editor in 0.63 ms, found 4 plugins.
Native extension for WindowsStandalone target not found
Mono: successfully reloaded assembly
- Finished resetting the current domain, in  0.671 seconds
Domain Reload Profiling: 1347ms
	BeginReloadAssembly (147ms)
		ExecutionOrderSort (0ms)
		DisableScriptedObjects (6ms)
		BackupInstance (0ms)
		ReleaseScriptingObjects (0ms)
		CreateAndSetChildDomain (30ms)
	RebuildCommonClasses (29ms)
	RebuildNativeTypeToScriptingClass (13ms)
	initialDomainReloadingComplete (29ms)
	LoadAllAssembliesAndSetupDomain (457ms)
		LoadAssemblies (310ms)
		RebuildTransferFunctionScriptingTraits (0ms)
		AnalyzeDomain (228ms)
			TypeCache.Refresh (168ms)
				TypeCache.ScanAssembly (154ms)
			BuildScriptInfoCaches (47ms)
			ResolveRequiredComponents (10ms)
	FinalizeReload (672ms)
		ReleaseScriptCaches (0ms)
		RebuildScriptCaches (0ms)
		SetupLoadedEditorAssemblies (548ms)
			LogAssemblyErrors (0ms)
			InitializePlatformSupportModulesInManaged (2ms)
			SetLoadedEditorAssemblies (4ms)
			BeforeProcessingInitializeOnLoad (90ms)
			ProcessInitializeOnLoadAttributes (347ms)
			ProcessInitializeOnLoadMethodAttributes (102ms)
			AfterProcessingInitializeOnLoad (1ms)
			EditorAssembliesLoaded (0ms)
		ExecutionOrderSort2 (0ms)
		AwakeInstancesAfterBackupRestoration (5ms)
Launched and connected shader compiler UnityShaderCompiler.exe after 0.02 seconds
Refreshing native plugins compatible for Editor in 1.44 ms, found 4 plugins.
Preloading 0 native plugins for Editor in 0.00 ms.
Unloading 206 Unused Serialized files (Serialized files now loaded: 0)
Unloading 6653 unused Assets / (5.2 MB). Loaded Objects now: 7352.
Memory consumption went from 176.3 MB to 171.1 MB.
Total: 15.886300 ms (FindLiveObjects: 2.136600 ms CreateObjectMapping: 1.319400 ms MarkObjects: 8.504000 ms  DeleteObjects: 3.924300 ms)

========================================================================
Received Import Request.
  Time since last request: 344221.812880 seconds.
  path: Assets/Tile/Tileset_31.asset
  artifactKey: Guid(5168a7116363ddc44904ae9838c346a9) Importer(815301076,1909f56bfc062723c751e8b465ee728b)
Start importing Assets/Tile/Tileset_31.asset using Guid(5168a7116363ddc44904ae9838c346a9) Importer(815301076,1909f56bfc062723c751e8b465ee728b) (PreviewImporter) -> (artifact id: '59d8bf198d7db9176d27c8135681bba1') in 0.1563137 seconds
Number of updated asset objects reloaded before import = 0Number of asset objects unloaded after import = 3

========================================================================
Received Import Request.
  Time since last request: 0.000024 seconds.
  path: Assets/Tile/Tileset_64.asset
  artifactKey: Guid(b36373e0e4465ac4da44f532ce8c15a0) Importer(815301076,1909f56bfc062723c751e8b465ee728b)
Start importing Assets/Tile/Tileset_64.asset using Guid(b36373e0e4465ac4da44f532ce8c15a0) Importer(815301076,1909f56bfc062723c751e8b465ee728b) (PreviewImporter) -> (artifact id: '536596abb2c917c082793412ffbafd3e') in 0.0041826 seconds
Number of updated asset objects reloaded before import = 0Number of asset objects unloaded after import = 1

========================================================================
Received Import Request.
  Time since last request: 0.000028 seconds.
  path: Assets/Tile/Tileset_8.asset
  artifactKey: Guid(76212f03fbdd8624aacfcc07e6f5bf01) Importer(815301076,1909f56bfc062723c751e8b465ee728b)
Start importing Assets/Tile/Tileset_8.asset using Guid(76212f03fbdd8624aacfcc07e6f5bf01) Importer(815301076,1909f56bfc062723c751e8b465ee728b) (PreviewImporter) -> (artifact id: 'f37340fab9a30dacf1a5f01e800c27e0') in 0.0053308 seconds
Number of updated asset objects reloaded before import = 0Number of asset objects unloaded after import = 3

========================================================================
Received Import Request.
  Time since last request: 0.000026 seconds.
  path: Assets/Tile/Tileset_6.asset
  artifactKey: Guid(f15b1c71f22fd4744b50ee772bd30b49) Importer(815301076,1909f56bfc062723c751e8b465ee728b)
Start importing Assets/Tile/Tileset_6.asset using Guid(f15b1c71f22fd4744b50ee772bd30b49) Importer(815301076,1909f56bfc062723c751e8b465ee728b) (PreviewImporter) -> (artifact id: '4e338922fb67a04285214df2b94a7043') in 0.0068363 seconds
Number of updated asset objects reloaded before import = 0Number of asset objects unloaded after import = 3

========================================================================
Received Import Request.
  Time since last request: 0.000022 seconds.
  path: Assets/Tile/Tileset_22.asset
  artifactKey: Guid(44478f22daefc904ab7487f7f1225f21) Importer(815301076,1909f56bfc062723c751e8b465ee728b)
Start importing Assets/Tile/Tileset_22.asset using Guid(44478f22daefc904ab7487f7f1225f21) Importer(815301076,1909f56bfc062723c751e8b465ee728b) (PreviewImporter) -> (artifact id: '81adacafacb5adab8552d58b0926ceca') in 0.0046688 seconds
Number of updated asset objects reloaded before import = 0Number of asset objects unloaded after import = 3

========================================================================
Received Import Request.
  Time since last request: 0.000016 seconds.
  path: Assets/Tile/Tileset_23.asset
  artifactKey: Guid(5c715ab7f109201489c1aca509fda312) Importer(815301076,1909f56bfc062723c751e8b465ee728b)
Start importing Assets/Tile/Tileset_23.asset using Guid(5c715ab7f109201489c1aca509fda312) Importer(815301076,1909f56bfc062723c751e8b465ee728b) (PreviewImporter) -> (artifact id: '9c7adf1f13267d1fc1759300c5917fc2') in 0.0040169 seconds
Number of updated asset objects reloaded before import = 0Number of asset objects unloaded after import = 3

========================================================================
Received Import Request.
  Time since last request: 0.000018 seconds.
  path: Assets/Tile/Tileset_39.asset
  artifactKey: Guid(ba96a2e4f4488e44b92efe5dd5758ce6) Importer(815301076,1909f56bfc062723c751e8b465ee728b)
Start importing Assets/Tile/Tileset_39.asset using Guid(ba96a2e4f4488e44b92efe5dd5758ce6) Importer(815301076,1909f56bfc062723c751e8b465ee728b) (PreviewImporter) -> (artifact id: 'ad98dd0858c9d3494b3e841b4df99f8a') in 0.0054484 seconds
Number of updated asset objects reloaded before import = 0Number of asset objects unloaded after import = 3

========================================================================
Received Import Request.
  Time since last request: 0.000015 seconds.
  path: Assets/Tile/Tileset_46.asset
  artifactKey: Guid(607679aace7a7dd45944c478e7db96b2) Importer(815301076,1909f56bfc062723c751e8b465ee728b)
Start importing Assets/Tile/Tileset_46.asset using Guid(607679aace7a7dd45944c478e7db96b2) Importer(815301076,1909f56bfc062723c751e8b465ee728b) (PreviewImporter) -> (artifact id: 'be6e8cdb6e8b73517881079699e736fc') in 0.0057234 seconds
Number of updated asset objects reloaded before import = 0Number of asset objects unloaded after import = 3

========================================================================
Received Import Request.
  Time since last request: 0.000013 seconds.
  path: Assets/Tile/Tileset_9.asset
  artifactKey: Guid(c27f7270e3f1f7e48857737a1d369bc6) Importer(815301076,1909f56bfc062723c751e8b465ee728b)
Start importing Assets/Tile/Tileset_9.asset using Guid(c27f7270e3f1f7e48857737a1d369bc6) Importer(815301076,1909f56bfc062723c751e8b465ee728b) (PreviewImporter) -> (artifact id: 'e32199dc2e381d7ec78dff724b8e82dc') in 0.0042774 seconds
Number of updated asset objects reloaded before import = 0Number of asset objects unloaded after import = 3

========================================================================
Received Import Request.
  Time since last request: 0.000012 seconds.
  path: Assets/Tile/Tileset_63.asset
  artifactKey: Guid(c51e40623740352448b9249c5f944e24) Importer(815301076,1909f56bfc062723c751e8b465ee728b)
Start importing Assets/Tile/Tileset_63.asset using Guid(c51e40623740352448b9249c5f944e24) Importer(815301076,1909f56bfc062723c751e8b465ee728b) (PreviewImporter) -> (artifact id: '486d2a9d022f4994cffa72c93d17cfc1') in 0.0027552 seconds
Number of updated asset objects reloaded before import = 0Number of asset objects unloaded after import = 1

========================================================================
Received Import Request.
  Time since last request: 0.000016 seconds.
  path: Assets/Tile/Tileset_18.asset
  artifactKey: Guid(0e80222ee790c0b4b989ea6e800e440e) Importer(815301076,1909f56bfc062723c751e8b465ee728b)
Start importing Assets/Tile/Tileset_18.asset using Guid(0e80222ee790c0b4b989ea6e800e440e) Importer(815301076,1909f56bfc062723c751e8b465ee728b) (PreviewImporter) -> (artifact id: 'dd65205bdb05ae247254423aab947414') in 0.006956 seconds
Number of updated asset objects reloaded before import = 0Number of asset objects unloaded after import = 3

========================================================================
Received Import Request.
  Time since last request: 0.000015 seconds.
  path: Assets/Tile/Tileset_55.asset
  artifactKey: Guid(0d896e4490a662049a83fa7db21677ad) Importer(815301076,1909f56bfc062723c751e8b465ee728b)
Start importing Assets/Tile/Tileset_55.asset using Guid(0d896e4490a662049a83fa7db21677ad) Importer(815301076,1909f56bfc062723c751e8b465ee728b) (PreviewImporter) -> (artifact id: 'e31bda75fc916aee6881e6a79f1b79e6') in 0.0054803 seconds
Number of updated asset objects reloaded before import = 0Number of asset objects unloaded after import = 3

========================================================================
Received Import Request.
  Time since last request: 0.000015 seconds.
  path: Assets/Tile/Tileset_7.asset
  artifactKey: Guid(be7a1694383b580419ea97c03865ca08) Importer(815301076,1909f56bfc062723c751e8b465ee728b)
Start importing Assets/Tile/Tileset_7.asset using Guid(be7a1694383b580419ea97c03865ca08) Importer(815301076,1909f56bfc062723c751e8b465ee728b) (PreviewImporter) -> (artifact id: '095a2b39e9ab3014528858d3cf12a60b') in 0.0067044 seconds
Number of updated asset objects reloaded before import = 0Number of asset objects unloaded after import = 3

========================================================================
Received Import Request.
  Time since last request: 0.000021 seconds.
  path: Assets/Tile/Tileset_50.asset
  artifactKey: Guid(b183dedfdcbc6c34388a1b0009f15bad) Importer(815301076,1909f56bfc062723c751e8b465ee728b)
Start importing Assets/Tile/Tileset_50.asset using Guid(b183dedfdcbc6c34388a1b0009f15bad) Importer(815301076,1909f56bfc062723c751e8b465ee728b) (PreviewImporter) -> (artifact id: '1a11b9a98d3d3147a9c5a23d2a1484c8') in 0.004591 seconds
Number of updated asset objects reloaded before import = 0Number of asset objects unloaded after import = 3

========================================================================
Received Import Request.
  Time since last request: 0.000025 seconds.
  path: Assets/Tile/Tileset_14.asset
  artifactKey: Guid(acb8405d8f2665948b67113b8325770a) Importer(815301076,1909f56bfc062723c751e8b465ee728b)
Start importing Assets/Tile/Tileset_14.asset using Guid(acb8405d8f2665948b67113b8325770a) Importer(815301076,1909f56bfc062723c751e8b465ee728b) (PreviewImporter) -> (artifact id: '2610f9b1589732c490a4740f082f9ae3') in 0.0044833 seconds
Number of updated asset objects reloaded before import = 0Number of asset objects unloaded after import = 3

========================================================================
Received Import Request.
  Time since last request: 0.000012 seconds.
  path: Assets/Tile/Tileset_34.asset
  artifactKey: Guid(1eaab82c5ba3165428f70bec9962df6c) Importer(815301076,1909f56bfc062723c751e8b465ee728b)
Start importing Assets/Tile/Tileset_34.asset using Guid(1eaab82c5ba3165428f70bec9962df6c) Importer(815301076,1909f56bfc062723c751e8b465ee728b) (PreviewImporter) -> (artifact id: 'd0fb25725c4d14d6a9c891d9fb358b98') in 0.0049582 seconds
Number of updated asset objects reloaded before import = 0Number of asset objects unloaded after import = 3

========================================================================
Received Import Request.
  Time since last request: 0.000016 seconds.
  path: Assets/Tile/Tileset_70.asset
  artifactKey: Guid(f1ae1f37e6e8bdc429ca74c43922b97a) Importer(815301076,1909f56bfc062723c751e8b465ee728b)
Start importing Assets/Tile/Tileset_70.asset using Guid(f1ae1f37e6e8bdc429ca74c43922b97a) Importer(815301076,1909f56bfc062723c751e8b465ee728b) (PreviewImporter) -> (artifact id: '676daa4c836edb15eace3ee43cfee062') in 0.001867 seconds
Number of updated asset objects reloaded before import = 0Number of asset objects unloaded after import = 1

========================================================================
Received Import Request.
  Time since last request: 0.000015 seconds.
  path: Assets/Tile/Tileset_40.asset
  artifactKey: Guid(6338c8c02073f014ea3c028f60eb80ae) Importer(815301076,1909f56bfc062723c751e8b465ee728b)
Start importing Assets/Tile/Tileset_40.asset using Guid(6338c8c02073f014ea3c028f60eb80ae) Importer(815301076,1909f56bfc062723c751e8b465ee728b) (PreviewImporter) -> (artifact id: 'd578a6565e5711ef9d4ea68c862b7933') in 0.0046242 seconds
Number of updated asset objects reloaded before import = 0Number of asset objects unloaded after import = 3

========================================================================
Received Import Request.
  Time since last request: 0.000013 seconds.
  path: Assets/Tile/Tileset_53.asset
  artifactKey: Guid(a2f36f533664197488a8c3fb5ee5bd53) Importer(815301076,1909f56bfc062723c751e8b465ee728b)
Start importing Assets/Tile/Tileset_53.asset using Guid(a2f36f533664197488a8c3fb5ee5bd53) Importer(815301076,1909f56bfc062723c751e8b465ee728b) (PreviewImporter) -> (artifact id: 'd41daec172bcd7f4b9ebe13537a867d7') in 0.0071183 seconds
Number of updated asset objects reloaded before import = 0Number of asset objects unloaded after import = 3

========================================================================
Received Import Request.
  Time since last request: 0.000013 seconds.
  path: Assets/Tile/Tileset_4.asset
  artifactKey: Guid(b977885ea5b084049a245f8a0c5c06d2) Importer(815301076,1909f56bfc062723c751e8b465ee728b)
Start importing Assets/Tile/Tileset_4.asset using Guid(b977885ea5b084049a245f8a0c5c06d2) Importer(815301076,1909f56bfc062723c751e8b465ee728b) (PreviewImporter) -> (artifact id: '61e63d70f06d9ba11ce3e71dfdb55d8d') in 0.0046493 seconds
Number of updated asset objects reloaded before import = 0Number of asset objects unloaded after import = 3

========================================================================
Received Import Request.
  Time since last request: 0.000017 seconds.
  path: Assets/Tile/Tileset_44.asset
  artifactKey: Guid(1bbe0207a3b061c419770afd19fe27cf) Importer(815301076,1909f56bfc062723c751e8b465ee728b)
Start importing Assets/Tile/Tileset_44.asset using Guid(1bbe0207a3b061c419770afd19fe27cf) Importer(815301076,1909f56bfc062723c751e8b465ee728b) (PreviewImporter) -> (artifact id: 'e9f8cf7876290a91db889e0a35930f98') in 0.004756 seconds
Number of updated asset objects reloaded before import = 0Number of asset objects unloaded after import = 3

========================================================================
Received Import Request.
  Time since last request: 0.000016 seconds.
  path: Assets/Tile/Tileset_21.asset
  artifactKey: Guid(d197717e3a1779c4a8c5c0adb569298b) Importer(815301076,1909f56bfc062723c751e8b465ee728b)
Start importing Assets/Tile/Tileset_21.asset using Guid(d197717e3a1779c4a8c5c0adb569298b) Importer(815301076,1909f56bfc062723c751e8b465ee728b) (PreviewImporter) -> (artifact id: '2f0096f06a061548ff14f73537ce2a5d') in 0.0044032 seconds
Number of updated asset objects reloaded before import = 0Number of asset objects unloaded after import = 3

========================================================================
Received Import Request.
  Time since last request: 0.000013 seconds.
  path: Assets/Tile/Tileset_58.asset
  artifactKey: Guid(b3ea6a84e19d52349bcab36d188a426b) Importer(815301076,1909f56bfc062723c751e8b465ee728b)
Start importing Assets/Tile/Tileset_58.asset using Guid(b3ea6a84e19d52349bcab36d188a426b) Importer(815301076,1909f56bfc062723c751e8b465ee728b) (PreviewImporter) -> (artifact id: '9052d85fb64cf222859bf8920316621c') in 0.0036399 seconds
Number of updated asset objects reloaded before import = 0Number of asset objects unloaded after import = 3

========================================================================
Received Import Request.
  Time since last request: 0.000013 seconds.
  path: Assets/Tile/Tileset_57.asset
  artifactKey: Guid(88f05cb4dd5e27a41ad453fa43e8ae28) Importer(815301076,1909f56bfc062723c751e8b465ee728b)
Start importing Assets/Tile/Tileset_57.asset using Guid(88f05cb4dd5e27a41ad453fa43e8ae28) Importer(815301076,1909f56bfc062723c751e8b465ee728b) (PreviewImporter) -> (artifact id: 'ffbfa6309fbb0de1dd51de8ac9c2f79c') in 0.0041573 seconds
Number of updated asset objects reloaded before import = 0Number of asset objects unloaded after import = 3

========================================================================
Received Import Request.
  Time since last request: 0.000019 seconds.
  path: Assets/Tile/Tileset_36.asset
  artifactKey: Guid(58a1ca82f1429744daf0accf5d770c69) Importer(815301076,1909f56bfc062723c751e8b465ee728b)
Start importing Assets/Tile/Tileset_36.asset using Guid(58a1ca82f1429744daf0accf5d770c69) Importer(815301076,1909f56bfc062723c751e8b465ee728b) (PreviewImporter) -> (artifact id: '4379ed21b2c1dc77c597d29597d3455a') in 0.004241 seconds
Number of updated asset objects reloaded before import = 0Number of asset objects unloaded after import = 3

Editor requested this worker to shutdown with reason: Scaling down because of idle timeout
AssetImportWorker is now disconnected from the server
Process exiting
Exiting without the bug reporter. Application will terminate with return code 0